<?xml version="1.0" encoding="UTF-8"?>
<!-- Generated by org.testng.reporters.JUnitXMLReporter -->
<testsuite hostname="MSI" ignored="0" name="login test cases" tests="4" failures="0" timestamp="2020-02-12T16:19:45 IST" time="33.599" errors="0">
  <testcase name="loginwithbothcorrect" time="8.942" classname="loginTestCases.BothCorrect"/>
  <testcase name="loginwithbothIncorrect" time="7.922" classname="loginTestCases.BothIncorrect"/>
  <testcase name="loginwithcorrectpassword" time="7.727" classname="loginTestCases.CorrectPassword"/>
  <testcase name="loginwithcorrectUsername" time="8.972" classname="loginTestCases.CorrectUserName"/>
</testsuite> <!-- login test cases -->
