<?xml version="1.0" encoding="UTF-8"?>
<!-- Generated by org.testng.reporters.JUnitXMLReporter -->
<testsuite hostname="MSI" ignored="0" name="login to application" tests="4" failures="0" timestamp="2020-02-13T01:31:32 IST" time="43.032" errors="0">
  <testcase name="@AfterTest aftertest" time="0.0" classname="loginTestCases.FromExcel">
    <failure type="java.lang.NullPointerException">
      <![CDATA[java.lang.NullPointerException
at loginTestCases.FromExcel.aftertest(FromExcel.java:56)
... Removed 24 stack frames]]>
    </failure>
  </testcase> <!-- @AfterTest aftertest -->
  <testcase name="loginwithbothcorrect" time="9.18" classname="loginTestCases.FromExcel"/>
  <testcase name="loginwithbothcorrect" time="10.304" classname="loginTestCases.FromExcel"/>
  <testcase name="loginwithbothcorrect" time="8.622" classname="loginTestCases.FromExcel"/>
  <testcase name="loginwithbothcorrect" time="7.256" classname="loginTestCases.FromExcel"/>
</testsuite> <!-- login to application -->
